# JRE version: Java(TM) SE Runtime Environment (8.0_112-b16) (build 1.8.0_112-b16)
# Java VM: Java HotSpot(TM) 64-Bit Server VM (25.112-b16 mixed mode bsd-amd64 compressed oops)
Heap:
 PSYoungGen      total 146944K, used 39250K [0x0000000795580000, 0x00000007a1d00000, 0x00000007c0000000)
  eden space 136704K, 28% used [0x0000000795580000,0x0000000797bd4a68,0x000000079db00000)
  from space 10240K, 0% used [0x000000079e780000,0x000000079e780000,0x000000079f180000)
  to   space 12800K, 0% used [0x000000079db00000,0x000000079db00000,0x000000079e780000)
 ParOldGen       total 104960K, used 21661K [0x0000000740000000, 0x0000000746680000, 0x0000000795580000)
  object space 104960K, 20% used [0x0000000740000000,0x0000000741527548,0x0000000746680000)
 Metaspace       used 37169K, capacity 37464K, committed 37672K, reserved 1083392K
  class space    used 4293K, capacity 4388K, committed 4392K, reserved 1048576K
GC Heap History (10 events):
Event: 2.130 GC heap before
{Heap before GC invocations=6 (full 1):
 PSYoungGen      total 71680K, used 5088K [0x0000000795580000, 0x000000079eb80000, 0x00000007c0000000)
  eden space 66560K, 0% used [0x0000000795580000,0x0000000795580000,0x0000000799680000)
  from space 5120K, 99% used [0x0000000799680000,0x0000000799b78020,0x0000000799b80000)
  to   space 10240K, 0% used [0x000000079e180000,0x000000079e180000,0x000000079eb80000)
 ParOldGen       total 87552K, used 12102K [0x0000000740000000, 0x0000000745580000, 0x0000000795580000)
  object space 87552K, 13% used [0x0000000740000000,0x0000000740bd1828,0x0000000745580000)
 Metaspace       used 20866K, capacity 21134K, committed 21296K, reserved 1069056K
  class space    used 2563K, capacity 2662K, committed 2688K, reserved 1048576K
Event: 2.176 GC heap after
Heap after GC invocations=6 (full 1):
 PSYoungGen      total 71680K, used 0K [0x0000000795580000, 0x000000079eb80000, 0x00000007c0000000)
  eden space 66560K, 0% used [0x0000000795580000,0x0000000795580000,0x0000000799680000)
  from space 5120K, 0% used [0x0000000799680000,0x0000000799680000,0x0000000799b80000)
  to   space 10240K, 0% used [0x000000079e180000,0x000000079e180000,0x000000079eb80000)
 ParOldGen       total 67584K, used 11559K [0x0000000740000000, 0x0000000744200000, 0x0000000795580000)
  object space 67584K, 17% used [0x0000000740000000,0x0000000740b49df8,0x0000000744200000)
 Metaspace       used 20866K, capacity 21134K, committed 21296K, reserved 1069056K
  class space    used 2563K, capacity 2662K, committed 2688K, reserved 1048576K
}
Event: 2.874 GC heap before
{Heap before GC invocations=7 (full 1):
 PSYoungGen      total 71680K, used 66560K [0x0000000795580000, 0x000000079eb80000, 0x00000007c0000000)
  eden space 66560K, 100% used [0x0000000795580000,0x0000000799680000,0x0000000799680000)
  from space 5120K, 0% used [0x0000000799680000,0x0000000799680000,0x0000000799b80000)
  to   space 10240K, 0% used [0x000000079e180000,0x000000079e180000,0x000000079eb80000)
 ParOldGen       total 67584K, used 11559K [0x0000000740000000, 0x0000000744200000, 0x0000000795580000)
  object space 67584K, 17% used [0x0000000740000000,0x0000000740b49df8,0x0000000744200000)
 Metaspace       used 25585K, capacity 25862K, committed 26112K, reserved 1073152K
  class space    used 3132K, capacity 3210K, committed 3328K, reserved 1048576K
Event: 2.880 GC heap after
Heap after GC invocations=7 (full 1):
 PSYoungGen      total 103424K, used 6534K [0x0000000795580000, 0x000000079e800000, 0x00000007c0000000)
  eden space 96768K, 0% used [0x0000000795580000,0x0000000795580000,0x000000079b400000)
  from space 6656K, 98% used [0x000000079e180000,0x000000079e7e1950,0x000000079e800000)
  to   space 10240K, 0% used [0x000000079d400000,0x000000079d400000,0x000000079de00000)
 ParOldGen       total 67584K, used 11567K [0x0000000740000000, 0x0000000744200000, 0x0000000795580000)
  object space 67584K, 17% used [0x0000000740000000,0x0000000740b4bdf8,0x0000000744200000)
 Metaspace       used 25585K, capacity 25862K, committed 26112K, reserved 1073152K
  class space    used 3132K, capacity 3210K, committed 3328K, reserved 1048576K
}
Event: 3.639 GC heap before
{Heap before GC invocations=8 (full 1):
 PSYoungGen      total 103424K, used 103302K [0x0000000795580000, 0x000000079e800000, 0x00000007c0000000)
  eden space 96768K, 100% used [0x0000000795580000,0x000000079b400000,0x000000079b400000)
  from space 6656K, 98% used [0x000000079e180000,0x000000079e7e1950,0x000000079e800000)
  to   space 10240K, 0% used [0x000000079d400000,0x000000079d400000,0x000000079de00000)
 ParOldGen       total 67584K, used 11567K [0x0000000740000000, 0x0000000744200000, 0x0000000795580000)
  object space 67584K, 17% used [0x0000000740000000,0x0000000740b4bdf8,0x0000000744200000)
 Metaspace       used 27437K, capacity 27736K, committed 28032K, reserved 1073152K
  class space    used 3349K, capacity 3453K, committed 3456K, reserved 1048576K
Event: 3.650 GC heap after
Heap after GC invocations=8 (full 1):
 PSYoungGen      total 139776K, used 8004K [0x0000000795580000, 0x000000079f180000, 0x00000007c0000000)
  eden space 129536K, 0% used [0x0000000795580000,0x0000000795580000,0x000000079d400000)
  from space 10240K, 78% used [0x000000079d400000,0x000000079dbd1168,0x000000079de00000)
  to   space 10240K, 0% used [0x000000079e780000,0x000000079e780000,0x000000079f180000)
 ParOldGen       total 67584K, used 11575K [0x0000000740000000, 0x0000000744200000, 0x0000000795580000)
  object space 67584K, 17% used [0x0000000740000000,0x0000000740b4ddf8,0x0000000744200000)
 Metaspace       used 27437K, capacity 27736K, committed 28032K, reserved 1073152K
  class space    used 3349K, capacity 3453K, committed 3456K, reserved 1048576K
}
Event: 9.696 GC heap before
{Heap before GC invocations=9 (full 1):
 PSYoungGen      total 139776K, used 126916K [0x0000000795580000, 0x000000079f180000, 0x00000007c0000000)
  eden space 129536K, 91% used [0x0000000795580000,0x000000079c9a0000,0x000000079d400000)
  from space 10240K, 78% used [0x000000079d400000,0x000000079dbd1168,0x000000079de00000)
  to   space 10240K, 0% used [0x000000079e780000,0x000000079e780000,0x000000079f180000)
 ParOldGen       total 67584K, used 11575K [0x0000000740000000, 0x0000000744200000, 0x0000000795580000)
  object space 67584K, 17% used [0x0000000740000000,0x0000000740b4ddf8,0x0000000744200000)
 Metaspace       used 34990K, capacity 35310K, committed 35496K, reserved 1081344K
  class space    used 4124K, capacity 4226K, committed 4264K, reserved 1048576K
Event: 9.708 GC heap after
Heap after GC invocations=9 (full 1):
 PSYoungGen      total 146944K, used 10228K [0x0000000795580000, 0x00000007a1d00000, 0x00000007c0000000)
  eden space 136704K, 0% used [0x0000000795580000,0x0000000795580000,0x000000079db00000)
  from space 10240K, 99% used [0x000000079e780000,0x000000079f17d110,0x000000079f180000)
  to   space 12800K, 0% used [0x000000079db00000,0x000000079db00000,0x000000079e780000)
 ParOldGen       total 67584K, used 15465K [0x0000000740000000, 0x0000000744200000, 0x0000000795580000)
  object space 67584K, 22% used [0x0000000740000000,0x0000000740f1a5e0,0x0000000744200000)
 Metaspace       used 34990K, capacity 35310K, committed 35496K, reserved 1081344K
  class space    used 4124K, capacity 4226K, committed 4264K, reserved 1048576K
}
Event: 9.708 GC heap before
{Heap before GC invocations=10 (full 2):
 PSYoungGen      total 146944K, used 10228K [0x0000000795580000, 0x00000007a1d00000, 0x00000007c0000000)
  eden space 136704K, 0% used [0x0000000795580000,0x0000000795580000,0x000000079db00000)
  from space 10240K, 99% used [0x000000079e780000,0x000000079f17d110,0x000000079f180000)
  to   space 12800K, 0% used [0x000000079db00000,0x000000079db00000,0x000000079e780000)
 ParOldGen       total 67584K, used 15465K [0x0000000740000000, 0x0000000744200000, 0x0000000795580000)
  object space 67584K, 22% used [0x0000000740000000,0x0000000740f1a5e0,0x0000000744200000)
 Metaspace       used 34990K, capacity 35310K, committed 35496K, reserved 1081344K
  class space    used 4124K, capacity 4226K, committed 4264K, reserved 1048576K
Event: 9.763 GC heap after
Heap after GC invocations=10 (full 2):
 PSYoungGen      total 146944K, used 0K [0x0000000795580000, 0x00000007a1d00000, 0x00000007c0000000)
  eden space 136704K, 0% used [0x0000000795580000,0x0000000795580000,0x000000079db00000)
  from space 10240K, 0% used [0x000000079e780000,0x000000079e780000,0x000000079f180000)
  to   space 12800K, 0% used [0x000000079db00000,0x000000079db00000,0x000000079e780000)
 ParOldGen       total 104960K, used 21661K [0x0000000740000000, 0x0000000746680000, 0x0000000795580000)
  object space 104960K, 20% used [0x0000000740000000,0x0000000741527548,0x0000000746680000)
 Metaspace       used 34990K, capacity 35310K, committed 35496K, reserved 1081344K
  class space    used 4124K, capacity 4226K, committed 4264K, reserved 1048576K
}

